<?xml version="1.0" encoding="UTF-8"?>
<!-- Generated by org.testng.reporters.JUnitReportReporter -->
<testsuite skipped="0" hostname="LAPTOP-CLIP7DDS" name="dockerpackage.dockerfirefox" tests="5" failures="0" timestamp="2021-01-26T12:47:01 IST" time="44.711" errors="0">
  <testcase name="loginbutton" time="2.204" classname="dockerpackage.dockerfirefox"/>
  <system-out/>
  <testcase name="password1" time="30.747" classname="dockerpackage.dockerfirefox"/>
  <system-out/>
  <testcase name="tofield" time="3.774" classname="dockerpackage.dockerfirefox"/>
  <system-out/>
  <testcase name="chrome" time="7.251" classname="dockerpackage.dockerfirefox"/>
  <system-out/>
  <testcase name="password" time="0.735" classname="dockerpackage.dockerfirefox"/>
  <system-out/>
</testsuite> <!-- dockerpackage.dockerfirefox -->
