<?xml version="1.0" encoding="UTF-8"?>
<!-- Generated by org.testng.reporters.JUnitReportReporter -->
<testsuite skipped="0" hostname="LAPTOP-CLIP7DDS" name="dockerpackage.dockerclass" tests="1" failures="0" timestamp="2021-01-25T23:44:12 IST" time="10.716" errors="0">
  <testcase name="docker" time="10.716" classname="dockerpackage.dockerclass"/>
  <system-out/>
</testsuite> <!-- dockerpackage.dockerclass -->
