<?xml version="1.0" encoding="UTF-8"?>
<!-- Generated by org.testng.reporters.JUnitReportReporter -->
<testsuite skipped="0" hostname="LAPTOP-CLIP7DDS" name="dockerpackage.dockerchrome" tests="5" failures="0" timestamp="2021-01-31T13:56:35 IST" time="37.207" errors="0">
  <testcase name="chrome" time="4.643" classname="dockerpackage.dockerchrome"/>
  <system-out/>
  <testcase name="loginbutton" time="1.361" classname="dockerpackage.dockerchrome"/>
  <system-out/>
  <testcase name="password" time="0.349" classname="dockerpackage.dockerchrome"/>
  <system-out/>
  <testcase name="tofield" time="0.447" classname="dockerpackage.dockerchrome"/>
  <system-out/>
  <testcase name="password1" time="30.407" classname="dockerpackage.dockerchrome"/>
  <system-out/>
</testsuite> <!-- dockerpackage.dockerchrome -->
